[35m[Appium][39m Welcome to Appium v1.21.0
[35m[Appium][39m Non-default server args:
[35m[Appium][39m   port: 65116
[35m[Appium][39m   loglevel: info
[35m[Appium][39m   tmpDir: C:\Users\arieh\AppData\Local\Temp\\Katalon\Appium\Temp1623239676003
[35m[Appium][39m   chromedriverPort: 65117
[35m[Appium][39m Deprecated server args:
[35m[Appium][39m   [31m--chromedriver-port[39m => --default-capabilities
[35m[Appium][39m Default capabilities, which will be added to each request unless overridden by desired capabilities:
[35m[Appium][39m   chromedriverPort: 65117
[35m[Appium][39m Appium REST http interface listener started on 0.0.0.0:65116
[35m[HTTP][39m [37m-->[39m [37mGET[39m [37m/wd/hub/status[39m
[35m[HTTP][39m [90m{}[39m
[35m[HTTP][39m [37m<-- GET /wd/hub/status [39m[32m200[39m [90m16 ms - 68[39m
[35m[HTTP][39m [90m[39m
[35m[HTTP][39m [37m-->[39m [37mGET[39m [37m/wd/hub/status[39m
[35m[HTTP][39m [90m{}[39m
[35m[HTTP][39m [37m<-- GET /wd/hub/status [39m[32m200[39m [90m3 ms - 68[39m
[35m[HTTP][39m [90m[39m
[35m[HTTP][39m [37m-->[39m [37mPOST[39m [37m/wd/hub/session[39m
[35m[HTTP][39m [90m{"desiredCapabilities":{"app":"C:\\Users\\arieh\\Downloads\\expense_3.0.1(29).apk","noReset":true,"deviceName":"Xiaomi POCOPHONE F1 (Android 10)","fullReset":false,"platform":"ANDROID","newCommandTimeout":1800,"platformVersion":"10","automationName":"uiautomator2","autoGrantPermissions":true,"platformName":"Android","udid":"b6f012db","systemPort":65124},"capabilities":{"firstMatch":[{"appium:app":"C:\\Users\\arieh\\Downloads\\expense_3.0.1(29).apk","appium:autoGrantPermissions":true,"appium:automationName":"uiautomator2","appium:deviceName":"Xiaomi POCOPHONE F1 (Android 10)","appium:fullReset":false,"appium:newCommandTimeout":1800,"appium:noReset":true,"platform":"ANDROID","platformName":"android","appium:platformVersion":"10","appium:systemPort":65124,"appium:udid":"b6f012db"}]}}[39m
[35m[BaseDriver][39m The following capabilities are not standard capabilities and should have an extension prefix:
[35m[BaseDriver][39m   platform
[35m[BaseDriver][39m   chromedriverPort
[35m[Appium][39m Appium v1.21.0 creating new AndroidUiautomator2Driver (v1.65.0) session
[35m[BaseDriver][39m The following capabilities were provided, but are not recognized by Appium:
[35m[BaseDriver][39m   platform
[35m[BaseDriver][39m Session created with session id: 0be84783-ce0b-4bca-9cec-61ba052e9663
[35m[BaseDriver][39m Using local app 'C:\Users\arieh\Downloads\expense_3.0.1(29).apk'
[35m[ADB][39m Found 1 'build-tools' folders under 'C:\Users\arieh\.katalon\tools\android_sdk' (newest first):
[35m[ADB][39m     C:/Users/arieh/.katalon/tools/android_sdk/build-tools/29.0.3
[35m[ADB][39m Using 'adb.exe' from 'C:\Users\arieh\.katalon\tools\android_sdk\platform-tools\adb.exe'
[35m[AndroidDriver][39m Retrieving device list
[35m[AndroidDriver][39m Using device: b6f012db
[35m[ADB][39m Using 'adb.exe' from 'C:\Users\arieh\.katalon\tools\android_sdk\platform-tools\adb.exe'
[35m[ADB][39m Getting device platform version
[35m[UiAutomator2][39m Relaxing hidden api policy
[35m[ADB][39m Package name: 'com.indraazimi.pengeluaran'
[35m[ADB][39m Main activity name: 'com.indraazimi.pengeluaran.MainActivity'
[35m[ADB][39m Using 'apksigner.jar' from 'C:\Users\arieh\.katalon\tools\android_sdk\build-tools\29.0.3\lib\apksigner.jar'
[35m[ADB][39m 'C:\Users\arieh\AppData\Roaming\npm\node_modules\appium\node_modules\appium-uiautomator2-server\apks\appium-uiautomator2-server-v4.21.1.apk' is signed with the default certificate
[35m[ADB][39m 'C:\Users\arieh\AppData\Roaming\npm\node_modules\appium\node_modules\appium-uiautomator2-server\apks\appium-uiautomator2-server-debug-androidTest.apk' is signed with the default certificate
[35m[UiAutomator2][39m Server packages are not going to be (re)installed
[35m[ADB][39m Adding packages ["io.appium.settings","io.appium.uiautomator2.server","io.appium.uiautomator2.server.test"] to Doze whitelist
[35m[ADB][39m 'C:\Users\arieh\Downloads\expense_3.0.1(29).apk' is signed with a non-default certificate
[35m[ADB][39m The application at 'C:\Users\arieh\Downloads\expense_3.0.1(29).apk' will not be cached, because the device under test has confirmed the support of streamed installs
[35m[ADB][39m The installation of 'expense_3.0.1(29).apk' took 5281ms
[35m[UiAutomator2][39m Starting UIAutomator2 server 4.21.1
[35m[UiAutomator2][39m Using UIAutomator2 server from 'C:\Users\arieh\AppData\Roaming\npm\node_modules\appium\node_modules\appium-uiautomator2-server\apks\appium-uiautomator2-server-v4.21.1.apk' and test from 'C:\Users\arieh\AppData\Roaming\npm\node_modules\appium\node_modules\appium-uiautomator2-server\apks\appium-uiautomator2-server-debug-androidTest.apk'
[35m[UiAutomator2][39m Waiting up to 30000ms for UiAutomator2 to be online...
[35m[WD Proxy][39m socket hang up
[35m[WD Proxy][39m socket hang up
[35m[WD Proxy][39m socket hang up
[35m[WD Proxy][39m socket hang up
[35m[WD Proxy][39m Determined the downstream protocol as 'W3C'
[35m[AndroidDriver][39m Screen already unlocked, doing nothing
[35m[UiAutomator2][39m Starting 'com.indraazimi.pengeluaran/com.indraazimi.pengeluaran.MainActivity and waiting for 'com.indraazimi.pengeluaran/com.indraazimi.pengeluaran.MainActivity'
[35m[Appium][39m New AndroidUiautomator2Driver session created successfully, session 0be84783-ce0b-4bca-9cec-61ba052e9663 added to master session list
[35m[HTTP][39m [37m<-- POST /wd/hub/session [39m[32m200[39m [90m20861 ms - 1260[39m
[35m[HTTP][39m [90m[39m
[35m[HTTP][39m [37m-->[39m [37mGET[39m [37m/wd/hub/session/0be84783-ce0b-4bca-9cec-61ba052e9663[39m
[35m[HTTP][39m [90m{}[39m
[35m[HTTP][39m [37m<-- GET /wd/hub/session/0be84783-ce0b-4bca-9cec-61ba052e9663 [39m[32m200[39m [90m20 ms - 1214[39m
[35m[HTTP][39m [90m[39m
[35m[HTTP][39m [37m-->[39m [37mGET[39m [37m/wd/hub/session/0be84783-ce0b-4bca-9cec-61ba052e9663[39m
[35m[HTTP][39m [90m{}[39m
[35m[HTTP][39m [37m<-- GET /wd/hub/session/0be84783-ce0b-4bca-9cec-61ba052e9663 [39m[32m200[39m [90m17 ms - 1214[39m
[35m[HTTP][39m [90m[39m
[35m[HTTP][39m [37m-->[39m [37mGET[39m [37m/wd/hub/status[39m
[35m[HTTP][39m [90m{}[39m
[35m[HTTP][39m [37m<-- GET /wd/hub/status [39m[32m200[39m [90m3 ms - 68[39m
[35m[HTTP][39m [90m[39m
[35m[HTTP][39m [37m-->[39m [37mPOST[39m [37m/wd/hub/session/0be84783-ce0b-4bca-9cec-61ba052e9663/timeouts[39m
[35m[HTTP][39m [90m{"implicit":60000}[39m
[35m[HTTP][39m [37m<-- POST /wd/hub/session/0be84783-ce0b-4bca-9cec-61ba052e9663/timeouts [39m[32m200[39m [90m9 ms - 14[39m
[35m[HTTP][39m [90m[39m
[35m[HTTP][39m [37m-->[39m [37mGET[39m [37m/wd/hub/session/0be84783-ce0b-4bca-9cec-61ba052e9663/source[39m
[35m[HTTP][39m [90m{}[39m
[35m[W3C (0be84783)][39m Driver proxy active, passing request on via HTTP proxy
[35m[WD Proxy][39m Replacing sessionId 4b3bfbf7-5775-414d-bcd0-56cba5eec8b7 with 0be84783-ce0b-4bca-9cec-61ba052e9663
[35m[HTTP][39m [37m<-- GET /wd/hub/session/0be84783-ce0b-4bca-9cec-61ba052e9663/source [39m[32m200[39m [90m238 ms - 12218[39m
[35m[HTTP][39m [90m[39m
[35m[HTTP][39m [37m-->[39m [37mGET[39m [37m/wd/hub/session/0be84783-ce0b-4bca-9cec-61ba052e9663/screenshot[39m
[35m[HTTP][39m [90m{}[39m
[35m[HTTP][39m [37m<-- GET /wd/hub/session/0be84783-ce0b-4bca-9cec-61ba052e9663/screenshot [39m[32m200[39m [90m666 ms - 54564[39m
[35m[HTTP][39m [90m[39m
[35m[HTTP][39m [37m-->[39m [37mPOST[39m [37m/wd/hub/session/0be84783-ce0b-4bca-9cec-61ba052e9663/elements[39m
[35m[HTTP][39m [90m{"using":"xpath","value":"//*[@class = 'android.widget.ImageButton' and @resource-id = 'com.indraazimi.pengeluaran:id/fab' and (@text = '' or . = '')]"}[39m
[35m[HTTP][39m [37m<-- POST /wd/hub/session/0be84783-ce0b-4bca-9cec-61ba052e9663/elements [39m[32m200[39m [90m246 ms - 139[39m
[35m[HTTP][39m [90m[39m
[35m[HTTP][39m [37m-->[39m [37mGET[39m [37m/wd/hub/session/0be84783-ce0b-4bca-9cec-61ba052e9663/window/rect[39m
[35m[HTTP][39m [90m{}[39m
[35m[HTTP][39m [37m<-- GET /wd/hub/session/0be84783-ce0b-4bca-9cec-61ba052e9663/window/rect [39m[32m200[39m [90m53 ms - 50[39m
[35m[HTTP][39m [90m[39m
[35m[HTTP][39m [37m-->[39m [37mPOST[39m [37m/wd/hub/session/0be84783-ce0b-4bca-9cec-61ba052e9663/elements[39m
[35m[HTTP][39m [90m{"using":"xpath","value":"//*[@class = 'android.widget.ImageButton' and @resource-id = 'com.indraazimi.pengeluaran:id/fab' and (@text = '' or . = '')]"}[39m
[35m[HTTP][39m [37m<-- POST /wd/hub/session/0be84783-ce0b-4bca-9cec-61ba052e9663/elements [39m[32m200[39m [90m218 ms - 139[39m
[35m[HTTP][39m [90m[39m
[35m[HTTP][39m [37m-->[39m [37mGET[39m [37m/wd/hub/session/0be84783-ce0b-4bca-9cec-61ba052e9663/element/30cc67db-d0c9-4e54-be8f-7fffc7eb7600/location[39m
[35m[HTTP][39m [90m{}[39m
[35m[W3C (0be84783)][39m Driver proxy active, passing request on via HTTP proxy
[35m[WD Proxy][39m Replacing sessionId 4b3bfbf7-5775-414d-bcd0-56cba5eec8b7 with 0be84783-ce0b-4bca-9cec-61ba052e9663
[35m[HTTP][39m [37m<-- GET /wd/hub/session/0be84783-ce0b-4bca-9cec-61ba052e9663/element/30cc67db-d0c9-4e54-be8f-7fffc7eb7600/location [39m[32m200[39m [90m55 ms - 79[39m
[35m[HTTP][39m [90m[39m
[35m[HTTP][39m [37m-->[39m [37mPOST[39m [37m/wd/hub/session/0be84783-ce0b-4bca-9cec-61ba052e9663/touch/perform[39m
[35m[HTTP][39m [90m{"actions":[{"action":"tap","options":{"x":1,"y":1,"element":"30cc67db-d0c9-4e54-be8f-7fffc7eb7600"}}]}[39m
[35m[UiAutomator2][39m calling get location: 30cc67db-d0c9-4e54-be8f-7fffc7eb7600
[35m[HTTP][39m [37m<-- POST /wd/hub/session/0be84783-ce0b-4bca-9cec-61ba052e9663/touch/perform [39m[32m200[39m [90m265 ms - 14[39m
[35m[HTTP][39m [90m[39m
[35m[HTTP][39m [37m-->[39m [37mGET[39m [37m/wd/hub/session/0be84783-ce0b-4bca-9cec-61ba052e9663/source[39m
[35m[HTTP][39m [90m{}[39m
[35m[W3C (0be84783)][39m Driver proxy active, passing request on via HTTP proxy
[35m[WD Proxy][39m Replacing sessionId 4b3bfbf7-5775-414d-bcd0-56cba5eec8b7 with 0be84783-ce0b-4bca-9cec-61ba052e9663
[35m[HTTP][39m [37m<-- GET /wd/hub/session/0be84783-ce0b-4bca-9cec-61ba052e9663/source [39m[32m200[39m [90m135 ms - 9960[39m
[35m[HTTP][39m [90m[39m
[35m[HTTP][39m [37m-->[39m [37mGET[39m [37m/wd/hub/session/0be84783-ce0b-4bca-9cec-61ba052e9663/screenshot[39m
[35m[HTTP][39m [90m{}[39m
[35m[HTTP][39m [37m<-- GET /wd/hub/session/0be84783-ce0b-4bca-9cec-61ba052e9663/screenshot [39m[32m200[39m [90m700 ms - 344708[39m
[35m[HTTP][39m [90m[39m
[35m[HTTP][39m [37m-->[39m [37mPOST[39m [37m/wd/hub/session/0be84783-ce0b-4bca-9cec-61ba052e9663/elements[39m
[35m[HTTP][39m [90m{"using":"xpath","value":"//*[@class = 'android.widget.EditText' and (@text = 'Description' or . = 'Description') and @resource-id = 'com.indraazimi.pengeluaran:id/txtKet']"}[39m
[35m[HTTP][39m [37m<-- POST /wd/hub/session/0be84783-ce0b-4bca-9cec-61ba052e9663/elements [39m[32m200[39m [90m491 ms - 139[39m
[35m[HTTP][39m [90m[39m
[35m[HTTP][39m [37m-->[39m [37mGET[39m [37m/wd/hub/session/0be84783-ce0b-4bca-9cec-61ba052e9663/window/rect[39m
[35m[HTTP][39m [90m{}[39m
[35m[HTTP][39m [37m<-- GET /wd/hub/session/0be84783-ce0b-4bca-9cec-61ba052e9663/window/rect [39m[32m200[39m [90m64 ms - 50[39m
[35m[HTTP][39m [90m[39m
[35m[HTTP][39m [37m-->[39m [37mPOST[39m [37m/wd/hub/session/0be84783-ce0b-4bca-9cec-61ba052e9663/elements[39m
[35m[HTTP][39m [90m{"using":"xpath","value":"//*[@class = 'android.widget.EditText' and (@text = 'Description' or . = 'Description') and @resource-id = 'com.indraazimi.pengeluaran:id/txtKet']"}[39m
[35m[HTTP][39m [37m<-- POST /wd/hub/session/0be84783-ce0b-4bca-9cec-61ba052e9663/elements [39m[32m200[39m [90m115 ms - 139[39m
[35m[HTTP][39m [90m[39m
[35m[HTTP][39m [37m-->[39m [37mGET[39m [37m/wd/hub/session/0be84783-ce0b-4bca-9cec-61ba052e9663/element/d930bf25-7a5a-4759-84ac-a1fa1fa3ba9e/location[39m
[35m[HTTP][39m [90m{}[39m
[35m[W3C (0be84783)][39m Driver proxy active, passing request on via HTTP proxy
[35m[WD Proxy][39m Replacing sessionId 4b3bfbf7-5775-414d-bcd0-56cba5eec8b7 with 0be84783-ce0b-4bca-9cec-61ba052e9663
[35m[HTTP][39m [37m<-- GET /wd/hub/session/0be84783-ce0b-4bca-9cec-61ba052e9663/element/d930bf25-7a5a-4759-84ac-a1fa1fa3ba9e/location [39m[32m200[39m [90m46 ms - 79[39m
[35m[HTTP][39m [90m[39m
[35m[HTTP][39m [37m-->[39m [37mPOST[39m [37m/wd/hub/session/0be84783-ce0b-4bca-9cec-61ba052e9663/element/d930bf25-7a5a-4759-84ac-a1fa1fa3ba9e/clear[39m
[35m[HTTP][39m [90m{"id":"d930bf25-7a5a-4759-84ac-a1fa1fa3ba9e"}[39m
[35m[HTTP][39m [37m<-- POST /wd/hub/session/0be84783-ce0b-4bca-9cec-61ba052e9663/element/d930bf25-7a5a-4759-84ac-a1fa1fa3ba9e/clear [39m[32m200[39m [90m41 ms - 14[39m
[35m[HTTP][39m [90m[39m
[35m[HTTP][39m [37m-->[39m [37mPOST[39m [37m/wd/hub/session/0be84783-ce0b-4bca-9cec-61ba052e9663/element/d930bf25-7a5a-4759-84ac-a1fa1fa3ba9e/value[39m
[35m[HTTP][39m [90m{"id":"d930bf25-7a5a-4759-84ac-a1fa1fa3ba9e","text":"Makan Siang","value":["M","a","k","a","n"," ","S","i","a","n","g"]}[39m
[35m[HTTP][39m [37m<-- POST /wd/hub/session/0be84783-ce0b-4bca-9cec-61ba052e9663/element/d930bf25-7a5a-4759-84ac-a1fa1fa3ba9e/value [39m[32m200[39m [90m1301 ms - 14[39m
[35m[HTTP][39m [90m[39m
[35m[HTTP][39m [37m-->[39m [37mGET[39m [37m/wd/hub/session/0be84783-ce0b-4bca-9cec-61ba052e9663/source[39m
[35m[HTTP][39m [90m{}[39m
[35m[W3C (0be84783)][39m Driver proxy active, passing request on via HTTP proxy
[35m[WD Proxy][39m Replacing sessionId 4b3bfbf7-5775-414d-bcd0-56cba5eec8b7 with 0be84783-ce0b-4bca-9cec-61ba052e9663
[35m[HTTP][39m [37m<-- GET /wd/hub/session/0be84783-ce0b-4bca-9cec-61ba052e9663/source [39m[32m200[39m [90m145 ms - 9960[39m
[35m[HTTP][39m [90m[39m
[35m[HTTP][39m [37m-->[39m [37mGET[39m [37m/wd/hub/session/0be84783-ce0b-4bca-9cec-61ba052e9663/screenshot[39m
[35m[HTTP][39m [90m{}[39m
[35m[HTTP][39m [37m<-- GET /wd/hub/session/0be84783-ce0b-4bca-9cec-61ba052e9663/screenshot [39m[32m200[39m [90m718 ms - 344998[39m
[35m[HTTP][39m [90m[39m
[35m[HTTP][39m [37m-->[39m [37mPOST[39m [37m/wd/hub/session/0be84783-ce0b-4bca-9cec-61ba052e9663/elements[39m
[35m[HTTP][39m [90m{"using":"xpath","value":"//*[@class = 'android.widget.EditText' and (@text = 'Price' or . = 'Price') and @resource-id = 'com.indraazimi.pengeluaran:id/txtHarga']"}[39m
[35m[HTTP][39m [37m<-- POST /wd/hub/session/0be84783-ce0b-4bca-9cec-61ba052e9663/elements [39m[32m200[39m [90m349 ms - 139[39m
[35m[HTTP][39m [90m[39m
[35m[HTTP][39m [37m-->[39m [37mGET[39m [37m/wd/hub/session/0be84783-ce0b-4bca-9cec-61ba052e9663/window/rect[39m
[35m[HTTP][39m [90m{}[39m
[35m[HTTP][39m [37m<-- GET /wd/hub/session/0be84783-ce0b-4bca-9cec-61ba052e9663/window/rect [39m[32m200[39m [90m49 ms - 50[39m
[35m[HTTP][39m [90m[39m
[35m[HTTP][39m [37m-->[39m [37mPOST[39m [37m/wd/hub/session/0be84783-ce0b-4bca-9cec-61ba052e9663/elements[39m
[35m[HTTP][39m [90m{"using":"xpath","value":"//*[@class = 'android.widget.EditText' and (@text = 'Price' or . = 'Price') and @resource-id = 'com.indraazimi.pengeluaran:id/txtHarga']"}[39m
[35m[HTTP][39m [37m<-- POST /wd/hub/session/0be84783-ce0b-4bca-9cec-61ba052e9663/elements [39m[32m200[39m [90m107 ms - 139[39m
[35m[HTTP][39m [90m[39m
[35m[HTTP][39m [37m-->[39m [37mGET[39m [37m/wd/hub/session/0be84783-ce0b-4bca-9cec-61ba052e9663/element/07c202f3-6bd7-4101-8fff-e51a3beb1f66/location[39m
[35m[HTTP][39m [90m{}[39m
[35m[W3C (0be84783)][39m Driver proxy active, passing request on via HTTP proxy
[35m[WD Proxy][39m Replacing sessionId 4b3bfbf7-5775-414d-bcd0-56cba5eec8b7 with 0be84783-ce0b-4bca-9cec-61ba052e9663
[35m[HTTP][39m [37m<-- GET /wd/hub/session/0be84783-ce0b-4bca-9cec-61ba052e9663/element/07c202f3-6bd7-4101-8fff-e51a3beb1f66/location [39m[32m200[39m [90m38 ms - 79[39m
[35m[HTTP][39m [90m[39m
[35m[HTTP][39m [37m-->[39m [37mPOST[39m [37m/wd/hub/session/0be84783-ce0b-4bca-9cec-61ba052e9663/element/07c202f3-6bd7-4101-8fff-e51a3beb1f66/clear[39m
[35m[HTTP][39m [90m{"id":"07c202f3-6bd7-4101-8fff-e51a3beb1f66"}[39m
[35m[HTTP][39m [37m<-- POST /wd/hub/session/0be84783-ce0b-4bca-9cec-61ba052e9663/element/07c202f3-6bd7-4101-8fff-e51a3beb1f66/clear [39m[32m200[39m [90m49 ms - 14[39m
[35m[HTTP][39m [90m[39m
[35m[HTTP][39m [37m-->[39m [37mPOST[39m [37m/wd/hub/session/0be84783-ce0b-4bca-9cec-61ba052e9663/element/07c202f3-6bd7-4101-8fff-e51a3beb1f66/value[39m
[35m[HTTP][39m [90m{"id":"07c202f3-6bd7-4101-8fff-e51a3beb1f66","text":"15000","value":["1","5","0","0","0"]}[39m
[35m[HTTP][39m [37m<-- POST /wd/hub/session/0be84783-ce0b-4bca-9cec-61ba052e9663/element/07c202f3-6bd7-4101-8fff-e51a3beb1f66/value [39m[32m200[39m [90m1036 ms - 14[39m
[35m[HTTP][39m [90m[39m
[35m[HTTP][39m [37m-->[39m [37mGET[39m [37m/wd/hub/session/0be84783-ce0b-4bca-9cec-61ba052e9663/source[39m
[35m[HTTP][39m [90m{}[39m
[35m[W3C (0be84783)][39m Driver proxy active, passing request on via HTTP proxy
[35m[WD Proxy][39m Replacing sessionId 4b3bfbf7-5775-414d-bcd0-56cba5eec8b7 with 0be84783-ce0b-4bca-9cec-61ba052e9663
[35m[HTTP][39m [37m<-- GET /wd/hub/session/0be84783-ce0b-4bca-9cec-61ba052e9663/source [39m[32m200[39m [90m485 ms - 9961[39m
[35m[HTTP][39m [90m[39m
[35m[HTTP][39m [37m-->[39m [37mGET[39m [37m/wd/hub/session/0be84783-ce0b-4bca-9cec-61ba052e9663/screenshot[39m
[35m[HTTP][39m [90m{}[39m
[35m[HTTP][39m [37m<-- GET /wd/hub/session/0be84783-ce0b-4bca-9cec-61ba052e9663/screenshot [39m[32m200[39m [90m700 ms - 344756[39m
[35m[HTTP][39m [90m[39m
[35m[HTTP][39m [37m-->[39m [37mPOST[39m [37m/wd/hub/session/0be84783-ce0b-4bca-9cec-61ba052e9663/elements[39m
[35m[HTTP][39m [90m{"using":"xpath","value":"//*[@class = 'android.widget.Button' and (@text = 'SAVE' or . = 'SAVE') and @resource-id = 'android:id/button1']"}[39m
[35m[HTTP][39m [37m<-- POST /wd/hub/session/0be84783-ce0b-4bca-9cec-61ba052e9663/elements [39m[32m200[39m [90m116 ms - 139[39m
[35m[HTTP][39m [90m[39m
[35m[HTTP][39m [37m-->[39m [37mGET[39m [37m/wd/hub/session/0be84783-ce0b-4bca-9cec-61ba052e9663/window/rect[39m
[35m[HTTP][39m [90m{}[39m
[35m[HTTP][39m [37m<-- GET /wd/hub/session/0be84783-ce0b-4bca-9cec-61ba052e9663/window/rect [39m[32m200[39m [90m26 ms - 50[39m
[35m[HTTP][39m [90m[39m
[35m[HTTP][39m [37m-->[39m [37mPOST[39m [37m/wd/hub/session/0be84783-ce0b-4bca-9cec-61ba052e9663/elements[39m
[35m[HTTP][39m [90m{"using":"xpath","value":"//*[@class = 'android.widget.Button' and (@text = 'SAVE' or . = 'SAVE') and @resource-id = 'android:id/button1']"}[39m
[35m[HTTP][39m [37m<-- POST /wd/hub/session/0be84783-ce0b-4bca-9cec-61ba052e9663/elements [39m[32m200[39m [90m123 ms - 139[39m
[35m[HTTP][39m [90m[39m
[35m[HTTP][39m [37m-->[39m [37mGET[39m [37m/wd/hub/session/0be84783-ce0b-4bca-9cec-61ba052e9663/element/222fbb89-a09c-40c7-97b0-bf789bba9aec/location[39m
[35m[HTTP][39m [90m{}[39m
[35m[W3C (0be84783)][39m Driver proxy active, passing request on via HTTP proxy
[35m[WD Proxy][39m Replacing sessionId 4b3bfbf7-5775-414d-bcd0-56cba5eec8b7 with 0be84783-ce0b-4bca-9cec-61ba052e9663
[35m[HTTP][39m [37m<-- GET /wd/hub/session/0be84783-ce0b-4bca-9cec-61ba052e9663/element/222fbb89-a09c-40c7-97b0-bf789bba9aec/location [39m[32m200[39m [90m40 ms - 79[39m
[35m[HTTP][39m [90m[39m
[35m[HTTP][39m [37m-->[39m [37mPOST[39m [37m/wd/hub/session/0be84783-ce0b-4bca-9cec-61ba052e9663/touch/perform[39m
[35m[HTTP][39m [90m{"actions":[{"action":"tap","options":{"x":1,"y":1,"element":"222fbb89-a09c-40c7-97b0-bf789bba9aec"}}]}[39m
[35m[UiAutomator2][39m calling get location: 222fbb89-a09c-40c7-97b0-bf789bba9aec
[35m[HTTP][39m [37m<-- POST /wd/hub/session/0be84783-ce0b-4bca-9cec-61ba052e9663/touch/perform [39m[32m200[39m [90m198 ms - 14[39m
[35m[HTTP][39m [90m[39m
[35m[HTTP][39m [37m-->[39m [37mGET[39m [37m/wd/hub/session/0be84783-ce0b-4bca-9cec-61ba052e9663/source[39m
[35m[HTTP][39m [90m{}[39m
[35m[W3C (0be84783)][39m Driver proxy active, passing request on via HTTP proxy
[35m[WD Proxy][39m Replacing sessionId 4b3bfbf7-5775-414d-bcd0-56cba5eec8b7 with 0be84783-ce0b-4bca-9cec-61ba052e9663
[35m[HTTP][39m [37m<-- GET /wd/hub/session/0be84783-ce0b-4bca-9cec-61ba052e9663/source [39m[32m200[39m [90m270 ms - 38305[39m
[35m[HTTP][39m [90m[39m
[35m[HTTP][39m [37m-->[39m [37mGET[39m [37m/wd/hub/session/0be84783-ce0b-4bca-9cec-61ba052e9663/screenshot[39m
[35m[HTTP][39m [90m{}[39m
[35m[HTTP][39m [37m<-- GET /wd/hub/session/0be84783-ce0b-4bca-9cec-61ba052e9663/screenshot [39m[32m200[39m [90m699 ms - 416922[39m
[35m[HTTP][39m [90m[39m
[35m[HTTP][39m [37m-->[39m [37mPOST[39m [37m/wd/hub/session/0be84783-ce0b-4bca-9cec-61ba052e9663/elements[39m
[35m[HTTP][39m [90m{"using":"xpath","value":"//*[@class = 'android.widget.ImageButton' and (@text = '' or . = '')]"}[39m
[35m[HTTP][39m [37m<-- POST /wd/hub/session/0be84783-ce0b-4bca-9cec-61ba052e9663/elements [39m[32m200[39m [90m203 ms - 395[39m
[35m[HTTP][39m [90m[39m
[35m[HTTP][39m [37m-->[39m [37mPOST[39m [37m/wd/hub/session/0be84783-ce0b-4bca-9cec-61ba052e9663/elements[39m
[35m[HTTP][39m [90m{"using":"accessibility id","value":"Side menu opened."}[39m
[35m[HTTP][39m [37m<-- POST /wd/hub/session/0be84783-ce0b-4bca-9cec-61ba052e9663/elements [39m[32m200[39m [90m459 ms - 139[39m
[35m[HTTP][39m [90m[39m
[35m[HTTP][39m [37m-->[39m [37mGET[39m [37m/wd/hub/session/0be84783-ce0b-4bca-9cec-61ba052e9663/window/rect[39m
[35m[HTTP][39m [90m{}[39m
[35m[HTTP][39m [37m<-- GET /wd/hub/session/0be84783-ce0b-4bca-9cec-61ba052e9663/window/rect [39m[32m200[39m [90m38 ms - 50[39m
[35m[HTTP][39m [90m[39m
[35m[HTTP][39m [37m-->[39m [37mPOST[39m [37m/wd/hub/session/0be84783-ce0b-4bca-9cec-61ba052e9663/elements[39m
[35m[HTTP][39m [90m{"using":"accessibility id","value":"Side menu opened."}[39m
[35m[HTTP][39m [37m<-- POST /wd/hub/session/0be84783-ce0b-4bca-9cec-61ba052e9663/elements [39m[32m200[39m [90m89 ms - 139[39m
[35m[HTTP][39m [90m[39m
[35m[HTTP][39m [37m-->[39m [37mGET[39m [37m/wd/hub/session/0be84783-ce0b-4bca-9cec-61ba052e9663/element/c46f5a61-3f65-4826-a440-3563a78ebce7/location[39m
[35m[HTTP][39m [90m{}[39m
[35m[W3C (0be84783)][39m Driver proxy active, passing request on via HTTP proxy
[35m[WD Proxy][39m Replacing sessionId 4b3bfbf7-5775-414d-bcd0-56cba5eec8b7 with 0be84783-ce0b-4bca-9cec-61ba052e9663
[35m[HTTP][39m [37m<-- GET /wd/hub/session/0be84783-ce0b-4bca-9cec-61ba052e9663/element/c46f5a61-3f65-4826-a440-3563a78ebce7/location [39m[32m200[39m [90m61 ms - 75[39m
[35m[HTTP][39m [90m[39m
[35m[HTTP][39m [37m-->[39m [37mPOST[39m [37m/wd/hub/session/0be84783-ce0b-4bca-9cec-61ba052e9663/touch/perform[39m
[35m[HTTP][39m [90m{"actions":[{"action":"tap","options":{"x":1,"y":1,"element":"c46f5a61-3f65-4826-a440-3563a78ebce7"}}]}[39m
[35m[UiAutomator2][39m calling get location: c46f5a61-3f65-4826-a440-3563a78ebce7
[35m[HTTP][39m [37m<-- POST /wd/hub/session/0be84783-ce0b-4bca-9cec-61ba052e9663/touch/perform [39m[32m200[39m [90m282 ms - 14[39m
[35m[HTTP][39m [90m[39m
[35m[HTTP][39m [37m-->[39m [37mGET[39m [37m/wd/hub/session/0be84783-ce0b-4bca-9cec-61ba052e9663/source[39m
[35m[HTTP][39m [90m{}[39m
[35m[W3C (0be84783)][39m Driver proxy active, passing request on via HTTP proxy
[35m[WD Proxy][39m Replacing sessionId 4b3bfbf7-5775-414d-bcd0-56cba5eec8b7 with 0be84783-ce0b-4bca-9cec-61ba052e9663
[35m[HTTP][39m [37m<-- GET /wd/hub/session/0be84783-ce0b-4bca-9cec-61ba052e9663/source [39m[32m200[39m [90m546 ms - 51837[39m
[35m[HTTP][39m [90m[39m
[35m[HTTP][39m [37m-->[39m [37mGET[39m [37m/wd/hub/session/0be84783-ce0b-4bca-9cec-61ba052e9663/screenshot[39m
[35m[HTTP][39m [90m{}[39m
[35m[HTTP][39m [37m<-- GET /wd/hub/session/0be84783-ce0b-4bca-9cec-61ba052e9663/screenshot [39m[32m200[39m [90m621 ms - 200572[39m
[35m[HTTP][39m [90m[39m
[35m[HTTP][39m [37m-->[39m [37mPOST[39m [37m/wd/hub/session/0be84783-ce0b-4bca-9cec-61ba052e9663/elements[39m
[35m[HTTP][39m [90m{"using":"xpath","value":"//*[@class = 'android.widget.CheckedTextView' and (@text = 'Budgeting Plan' or . = 'Budgeting Plan') and @resource-id = 'com.indraazimi.pengeluaran:id/design_menu_item_text']"}[39m
[35m[HTTP][39m [37m<-- POST /wd/hub/session/0be84783-ce0b-4bca-9cec-61ba052e9663/elements [39m[32m200[39m [90m209 ms - 139[39m
[35m[HTTP][39m [90m[39m
[35m[HTTP][39m [37m-->[39m [37mGET[39m [37m/wd/hub/session/0be84783-ce0b-4bca-9cec-61ba052e9663/window/rect[39m
[35m[HTTP][39m [90m{}[39m
[35m[HTTP][39m [37m<-- GET /wd/hub/session/0be84783-ce0b-4bca-9cec-61ba052e9663/window/rect [39m[32m200[39m [90m23 ms - 50[39m
[35m[HTTP][39m [90m[39m
[35m[HTTP][39m [37m-->[39m [37mPOST[39m [37m/wd/hub/session/0be84783-ce0b-4bca-9cec-61ba052e9663/elements[39m
[35m[HTTP][39m [90m{"using":"xpath","value":"//*[@class = 'android.widget.CheckedTextView' and (@text = 'Budgeting Plan' or . = 'Budgeting Plan') and @resource-id = 'com.indraazimi.pengeluaran:id/design_menu_item_text']"}[39m
[35m[HTTP][39m [37m<-- POST /wd/hub/session/0be84783-ce0b-4bca-9cec-61ba052e9663/elements [39m[32m200[39m [90m173 ms - 139[39m
[35m[HTTP][39m [90m[39m
[35m[HTTP][39m [37m-->[39m [37mGET[39m [37m/wd/hub/session/0be84783-ce0b-4bca-9cec-61ba052e9663/element/7c64dabe-3ac3-4058-ab99-a060e82402ef/location[39m
[35m[HTTP][39m [90m{}[39m
[35m[W3C (0be84783)][39m Driver proxy active, passing request on via HTTP proxy
[35m[WD Proxy][39m Replacing sessionId 4b3bfbf7-5775-414d-bcd0-56cba5eec8b7 with 0be84783-ce0b-4bca-9cec-61ba052e9663
[35m[HTTP][39m [37m<-- GET /wd/hub/session/0be84783-ce0b-4bca-9cec-61ba052e9663/element/7c64dabe-3ac3-4058-ab99-a060e82402ef/location [39m[32m200[39m [90m33 ms - 77[39m
[35m[HTTP][39m [90m[39m
[35m[HTTP][39m [37m-->[39m [37mPOST[39m [37m/wd/hub/session/0be84783-ce0b-4bca-9cec-61ba052e9663/touch/perform[39m
[35m[HTTP][39m [90m{"actions":[{"action":"tap","options":{"x":1,"y":1,"element":"7c64dabe-3ac3-4058-ab99-a060e82402ef"}}]}[39m
[35m[UiAutomator2][39m calling get location: 7c64dabe-3ac3-4058-ab99-a060e82402ef
[35m[HTTP][39m [37m<-- POST /wd/hub/session/0be84783-ce0b-4bca-9cec-61ba052e9663/touch/perform [39m[32m200[39m [90m230 ms - 14[39m
[35m[HTTP][39m [90m[39m
[35m[HTTP][39m [37m-->[39m [37mGET[39m [37m/wd/hub/session/0be84783-ce0b-4bca-9cec-61ba052e9663/source[39m
[35m[HTTP][39m [90m{}[39m
[35m[W3C (0be84783)][39m Driver proxy active, passing request on via HTTP proxy
[35m[WD Proxy][39m Replacing sessionId 4b3bfbf7-5775-414d-bcd0-56cba5eec8b7 with 0be84783-ce0b-4bca-9cec-61ba052e9663
[35m[HTTP][39m [37m<-- GET /wd/hub/session/0be84783-ce0b-4bca-9cec-61ba052e9663/source [39m[32m200[39m [90m1232 ms - 30656[39m
[35m[HTTP][39m [90m[39m
[35m[HTTP][39m [37m-->[39m [37mGET[39m [37m/wd/hub/session/0be84783-ce0b-4bca-9cec-61ba052e9663/screenshot[39m
[35m[HTTP][39m [90m{}[39m
[35m[HTTP][39m [37m<-- GET /wd/hub/session/0be84783-ce0b-4bca-9cec-61ba052e9663/screenshot [39m[32m200[39m [90m785 ms - 397998[39m
[35m[HTTP][39m [90m[39m
[35m[HTTP][39m [37m-->[39m [37mPOST[39m [37m/wd/hub/session/0be84783-ce0b-4bca-9cec-61ba052e9663/elements[39m
[35m[HTTP][39m [90m{"using":"xpath","value":"//*[@class = 'android.widget.ImageButton' and @resource-id = 'com.indraazimi.pengeluaran:id/fab' and (@text = '' or . = '')]"}[39m
[35m[HTTP][39m [37m<-- POST /wd/hub/session/0be84783-ce0b-4bca-9cec-61ba052e9663/elements [39m[32m200[39m [90m412 ms - 139[39m
[35m[HTTP][39m [90m[39m
[35m[HTTP][39m [37m-->[39m [37mGET[39m [37m/wd/hub/session/0be84783-ce0b-4bca-9cec-61ba052e9663/window/rect[39m
[35m[HTTP][39m [90m{}[39m
[35m[HTTP][39m [37m<-- GET /wd/hub/session/0be84783-ce0b-4bca-9cec-61ba052e9663/window/rect [39m[32m200[39m [90m22 ms - 50[39m
[35m[HTTP][39m [90m[39m
[35m[HTTP][39m [37m-->[39m [37mPOST[39m [37m/wd/hub/session/0be84783-ce0b-4bca-9cec-61ba052e9663/elements[39m
[35m[HTTP][39m [90m{"using":"xpath","value":"//*[@class = 'android.widget.ImageButton' and @resource-id = 'com.indraazimi.pengeluaran:id/fab' and (@text = '' or . = '')]"}[39m
[35m[HTTP][39m [37m<-- POST /wd/hub/session/0be84783-ce0b-4bca-9cec-61ba052e9663/elements [39m[32m200[39m [90m1093 ms - 139[39m
[35m[HTTP][39m [90m[39m
[35m[HTTP][39m [37m-->[39m [37mGET[39m [37m/wd/hub/session/0be84783-ce0b-4bca-9cec-61ba052e9663/element/843b9076-c06c-4b2e-9d30-89402c7b8cdd/location[39m
[35m[HTTP][39m [90m{}[39m
[35m[W3C (0be84783)][39m Driver proxy active, passing request on via HTTP proxy
[35m[WD Proxy][39m Replacing sessionId 4b3bfbf7-5775-414d-bcd0-56cba5eec8b7 with 0be84783-ce0b-4bca-9cec-61ba052e9663
[35m[HTTP][39m [37m<-- GET /wd/hub/session/0be84783-ce0b-4bca-9cec-61ba052e9663/element/843b9076-c06c-4b2e-9d30-89402c7b8cdd/location [39m[32m200[39m [90m31 ms - 79[39m
[35m[HTTP][39m [90m[39m
[35m[HTTP][39m [37m-->[39m [37mPOST[39m [37m/wd/hub/session/0be84783-ce0b-4bca-9cec-61ba052e9663/touch/perform[39m
[35m[HTTP][39m [90m{"actions":[{"action":"tap","options":{"x":1,"y":1,"element":"843b9076-c06c-4b2e-9d30-89402c7b8cdd"}}]}[39m
[35m[UiAutomator2][39m calling get location: 843b9076-c06c-4b2e-9d30-89402c7b8cdd
[35m[HTTP][39m [37m<-- POST /wd/hub/session/0be84783-ce0b-4bca-9cec-61ba052e9663/touch/perform [39m[32m200[39m [90m194 ms - 14[39m
[35m[HTTP][39m [90m[39m
[35m[HTTP][39m [37m-->[39m [37mGET[39m [37m/wd/hub/session/0be84783-ce0b-4bca-9cec-61ba052e9663/source[39m
[35m[HTTP][39m [90m{}[39m
[35m[W3C (0be84783)][39m Driver proxy active, passing request on via HTTP proxy
[35m[WD Proxy][39m Replacing sessionId 4b3bfbf7-5775-414d-bcd0-56cba5eec8b7 with 0be84783-ce0b-4bca-9cec-61ba052e9663
[35m[HTTP][39m [37m<-- GET /wd/hub/session/0be84783-ce0b-4bca-9cec-61ba052e9663/source [39m[32m200[39m [90m70 ms - 9079[39m
[35m[HTTP][39m [90m[39m
[35m[HTTP][39m [37m-->[39m [37mGET[39m [37m/wd/hub/session/0be84783-ce0b-4bca-9cec-61ba052e9663/screenshot[39m
[35m[HTTP][39m [90m{}[39m
[35m[HTTP][39m [37m<-- GET /wd/hub/session/0be84783-ce0b-4bca-9cec-61ba052e9663/screenshot [39m[32m200[39m [90m574 ms - 143524[39m
[35m[HTTP][39m [90m[39m
[35m[HTTP][39m [37m-->[39m [37mPOST[39m [37m/wd/hub/session/0be84783-ce0b-4bca-9cec-61ba052e9663/elements[39m
[35m[HTTP][39m [90m{"using":"xpath","value":"//*[@class = 'android.widget.EditText' and (@text = 'Description' or . = 'Description') and @resource-id = 'com.indraazimi.pengeluaran:id/txtKet']"}[39m
[35m[HTTP][39m [37m<-- POST /wd/hub/session/0be84783-ce0b-4bca-9cec-61ba052e9663/elements [39m[32m200[39m [90m89 ms - 139[39m
[35m[HTTP][39m [90m[39m
[35m[HTTP][39m [37m-->[39m [37mGET[39m [37m/wd/hub/session/0be84783-ce0b-4bca-9cec-61ba052e9663/window/rect[39m
[35m[HTTP][39m [90m{}[39m
[35m[HTTP][39m [37m<-- GET /wd/hub/session/0be84783-ce0b-4bca-9cec-61ba052e9663/window/rect [39m[32m200[39m [90m29 ms - 50[39m
[35m[HTTP][39m [90m[39m
[35m[HTTP][39m [37m-->[39m [37mPOST[39m [37m/wd/hub/session/0be84783-ce0b-4bca-9cec-61ba052e9663/elements[39m
[35m[HTTP][39m [90m{"using":"xpath","value":"//*[@class = 'android.widget.EditText' and (@text = 'Description' or . = 'Description') and @resource-id = 'com.indraazimi.pengeluaran:id/txtKet']"}[39m
[35m[HTTP][39m [37m<-- POST /wd/hub/session/0be84783-ce0b-4bca-9cec-61ba052e9663/elements [39m[32m200[39m [90m91 ms - 139[39m
[35m[HTTP][39m [90m[39m
[35m[HTTP][39m [37m-->[39m [37mGET[39m [37m/wd/hub/session/0be84783-ce0b-4bca-9cec-61ba052e9663/element/245a6dea-db20-489d-8be8-ed8441e16305/location[39m
[35m[HTTP][39m [90m{}[39m
[35m[W3C (0be84783)][39m Driver proxy active, passing request on via HTTP proxy
[35m[WD Proxy][39m Replacing sessionId 4b3bfbf7-5775-414d-bcd0-56cba5eec8b7 with 0be84783-ce0b-4bca-9cec-61ba052e9663
[35m[HTTP][39m [37m<-- GET /wd/hub/session/0be84783-ce0b-4bca-9cec-61ba052e9663/element/245a6dea-db20-489d-8be8-ed8441e16305/location [39m[32m200[39m [90m39 ms - 79[39m
[35m[HTTP][39m [90m[39m
[35m[HTTP][39m [37m-->[39m [37mPOST[39m [37m/wd/hub/session/0be84783-ce0b-4bca-9cec-61ba052e9663/element/245a6dea-db20-489d-8be8-ed8441e16305/clear[39m
[35m[HTTP][39m [90m{"id":"245a6dea-db20-489d-8be8-ed8441e16305"}[39m
[35m[HTTP][39m [37m<-- POST /wd/hub/session/0be84783-ce0b-4bca-9cec-61ba052e9663/element/245a6dea-db20-489d-8be8-ed8441e16305/clear [39m[32m200[39m [90m46 ms - 14[39m
[35m[HTTP][39m [90m[39m
[35m[HTTP][39m [37m-->[39m [37mPOST[39m [37m/wd/hub/session/0be84783-ce0b-4bca-9cec-61ba052e9663/element/245a6dea-db20-489d-8be8-ed8441e16305/value[39m
[35m[HTTP][39m [90m{"id":"245a6dea-db20-489d-8be8-ed8441e16305","text":"Pengeluaran maksimal","value":["P","e","n","g","e","l","u","a","r","a","n"," ","m","a","k","s","i","m","a","l"]}[39m
[35m[HTTP][39m [37m<-- POST /wd/hub/session/0be84783-ce0b-4bca-9cec-61ba052e9663/element/245a6dea-db20-489d-8be8-ed8441e16305/value [39m[32m200[39m [90m1039 ms - 14[39m
[35m[HTTP][39m [90m[39m
[35m[HTTP][39m [37m-->[39m [37mGET[39m [37m/wd/hub/session/0be84783-ce0b-4bca-9cec-61ba052e9663/source[39m
[35m[HTTP][39m [90m{}[39m
[35m[W3C (0be84783)][39m Driver proxy active, passing request on via HTTP proxy
[35m[WD Proxy][39m Replacing sessionId 4b3bfbf7-5775-414d-bcd0-56cba5eec8b7 with 0be84783-ce0b-4bca-9cec-61ba052e9663
[35m[HTTP][39m [37m<-- GET /wd/hub/session/0be84783-ce0b-4bca-9cec-61ba052e9663/source [39m[32m200[39m [90m105 ms - 9088[39m
[35m[HTTP][39m [90m[39m
[35m[HTTP][39m [37m-->[39m [37mGET[39m [37m/wd/hub/session/0be84783-ce0b-4bca-9cec-61ba052e9663/screenshot[39m
[35m[HTTP][39m [90m{}[39m
[35m[HTTP][39m [37m<-- GET /wd/hub/session/0be84783-ce0b-4bca-9cec-61ba052e9663/screenshot [39m[32m200[39m [90m630 ms - 168484[39m
[35m[HTTP][39m [90m[39m
[35m[HTTP][39m [37m-->[39m [37mPOST[39m [37m/wd/hub/session/0be84783-ce0b-4bca-9cec-61ba052e9663/elements[39m
[35m[HTTP][39m [90m{"using":"xpath","value":"//*[@class = 'android.widget.EditText' and (@text = 'Estimated Cost (can be blank)' or . = 'Estimated Cost (can be blank)') and @resource-id = 'com.indraazimi.pengeluaran:id/txtHarga']"}[39m
[35m[HTTP][39m [37m<-- POST /wd/hub/session/0be84783-ce0b-4bca-9cec-61ba052e9663/elements [39m[32m200[39m [90m115 ms - 139[39m
[35m[HTTP][39m [90m[39m
[35m[HTTP][39m [37m-->[39m [37mGET[39m [37m/wd/hub/session/0be84783-ce0b-4bca-9cec-61ba052e9663/window/rect[39m
[35m[HTTP][39m [90m{}[39m
[35m[HTTP][39m [37m<-- GET /wd/hub/session/0be84783-ce0b-4bca-9cec-61ba052e9663/window/rect [39m[32m200[39m [90m36 ms - 50[39m
[35m[HTTP][39m [90m[39m
[35m[HTTP][39m [37m-->[39m [37mPOST[39m [37m/wd/hub/session/0be84783-ce0b-4bca-9cec-61ba052e9663/elements[39m
[35m[HTTP][39m [90m{"using":"xpath","value":"//*[@class = 'android.widget.EditText' and (@text = 'Estimated Cost (can be blank)' or . = 'Estimated Cost (can be blank)') and @resource-id = 'com.indraazimi.pengeluaran:id/txtHarga']"}[39m
[35m[HTTP][39m [37m<-- POST /wd/hub/session/0be84783-ce0b-4bca-9cec-61ba052e9663/elements [39m[32m200[39m [90m587 ms - 139[39m
[35m[HTTP][39m [90m[39m
[35m[HTTP][39m [37m-->[39m [37mGET[39m [37m/wd/hub/session/0be84783-ce0b-4bca-9cec-61ba052e9663/element/7779cd20-c38c-4eb5-b726-319ae1415628/location[39m
[35m[HTTP][39m [90m{}[39m
[35m[W3C (0be84783)][39m Driver proxy active, passing request on via HTTP proxy
[35m[WD Proxy][39m Replacing sessionId 4b3bfbf7-5775-414d-bcd0-56cba5eec8b7 with 0be84783-ce0b-4bca-9cec-61ba052e9663
[35m[HTTP][39m [37m<-- GET /wd/hub/session/0be84783-ce0b-4bca-9cec-61ba052e9663/element/7779cd20-c38c-4eb5-b726-319ae1415628/location [39m[32m200[39m [90m43 ms - 79[39m
[35m[HTTP][39m [90m[39m
[35m[HTTP][39m [37m-->[39m [37mPOST[39m [37m/wd/hub/session/0be84783-ce0b-4bca-9cec-61ba052e9663/element/7779cd20-c38c-4eb5-b726-319ae1415628/clear[39m
[35m[HTTP][39m [90m{"id":"7779cd20-c38c-4eb5-b726-319ae1415628"}[39m
[35m[HTTP][39m [37m<-- POST /wd/hub/session/0be84783-ce0b-4bca-9cec-61ba052e9663/element/7779cd20-c38c-4eb5-b726-319ae1415628/clear [39m[32m200[39m [90m42 ms - 14[39m
[35m[HTTP][39m [90m[39m
[35m[HTTP][39m [37m-->[39m [37mPOST[39m [37m/wd/hub/session/0be84783-ce0b-4bca-9cec-61ba052e9663/element/7779cd20-c38c-4eb5-b726-319ae1415628/value[39m
[35m[HTTP][39m [90m{"id":"7779cd20-c38c-4eb5-b726-319ae1415628","text":"2000000","value":["2","0","0","0","0","0","0"]}[39m
[35m[HTTP][39m [37m<-- POST /wd/hub/session/0be84783-ce0b-4bca-9cec-61ba052e9663/element/7779cd20-c38c-4eb5-b726-319ae1415628/value [39m[32m200[39m [90m1085 ms - 14[39m
[35m[HTTP][39m [90m[39m
[35m[HTTP][39m [37m-->[39m [37mGET[39m [37m/wd/hub/session/0be84783-ce0b-4bca-9cec-61ba052e9663/source[39m
[35m[HTTP][39m [90m{}[39m
[35m[W3C (0be84783)][39m Driver proxy active, passing request on via HTTP proxy
[35m[WD Proxy][39m Replacing sessionId 4b3bfbf7-5775-414d-bcd0-56cba5eec8b7 with 0be84783-ce0b-4bca-9cec-61ba052e9663
[35m[HTTP][39m [37m<-- GET /wd/hub/session/0be84783-ce0b-4bca-9cec-61ba052e9663/source [39m[32m200[39m [90m82 ms - 9068[39m
[35m[HTTP][39m [90m[39m
[35m[HTTP][39m [37m-->[39m [37mGET[39m [37m/wd/hub/session/0be84783-ce0b-4bca-9cec-61ba052e9663/screenshot[39m
[35m[HTTP][39m [90m{}[39m
[35m[HTTP][39m [37m<-- GET /wd/hub/session/0be84783-ce0b-4bca-9cec-61ba052e9663/screenshot [39m[32m200[39m [90m591 ms - 138766[39m
[35m[HTTP][39m [90m[39m
[35m[HTTP][39m [37m-->[39m [37mPOST[39m [37m/wd/hub/session/0be84783-ce0b-4bca-9cec-61ba052e9663/elements[39m
[35m[HTTP][39m [90m{"using":"xpath","value":"//*[@class = 'android.widget.Button' and (@text = 'SAVE' or . = 'SAVE') and @resource-id = 'android:id/button1']"}[39m
[35m[HTTP][39m [37m<-- POST /wd/hub/session/0be84783-ce0b-4bca-9cec-61ba052e9663/elements [39m[32m200[39m [90m104 ms - 139[39m
[35m[HTTP][39m [90m[39m
[35m[HTTP][39m [37m-->[39m [37mGET[39m [37m/wd/hub/session/0be84783-ce0b-4bca-9cec-61ba052e9663/window/rect[39m
[35m[HTTP][39m [90m{}[39m
[35m[HTTP][39m [37m<-- GET /wd/hub/session/0be84783-ce0b-4bca-9cec-61ba052e9663/window/rect [39m[32m200[39m [90m22 ms - 50[39m
[35m[HTTP][39m [90m[39m
[35m[HTTP][39m [37m-->[39m [37mPOST[39m [37m/wd/hub/session/0be84783-ce0b-4bca-9cec-61ba052e9663/elements[39m
[35m[HTTP][39m [90m{"using":"xpath","value":"//*[@class = 'android.widget.Button' and (@text = 'SAVE' or . = 'SAVE') and @resource-id = 'android:id/button1']"}[39m
[35m[HTTP][39m [37m<-- POST /wd/hub/session/0be84783-ce0b-4bca-9cec-61ba052e9663/elements [39m[32m200[39m [90m434 ms - 139[39m
[35m[HTTP][39m [90m[39m
[35m[HTTP][39m [37m-->[39m [37mGET[39m [37m/wd/hub/session/0be84783-ce0b-4bca-9cec-61ba052e9663/element/d6888fa0-3cb2-423f-8722-3a99a365ce3b/location[39m
[35m[HTTP][39m [90m{}[39m
[35m[W3C (0be84783)][39m Driver proxy active, passing request on via HTTP proxy
[35m[WD Proxy][39m Replacing sessionId 4b3bfbf7-5775-414d-bcd0-56cba5eec8b7 with 0be84783-ce0b-4bca-9cec-61ba052e9663
[35m[HTTP][39m [37m<-- GET /wd/hub/session/0be84783-ce0b-4bca-9cec-61ba052e9663/element/d6888fa0-3cb2-423f-8722-3a99a365ce3b/location [39m[32m200[39m [90m31 ms - 79[39m
[35m[HTTP][39m [90m[39m
[35m[HTTP][39m [37m-->[39m [37mPOST[39m [37m/wd/hub/session/0be84783-ce0b-4bca-9cec-61ba052e9663/touch/perform[39m
[35m[HTTP][39m [90m{"actions":[{"action":"tap","options":{"x":1,"y":1,"element":"d6888fa0-3cb2-423f-8722-3a99a365ce3b"}}]}[39m
[35m[UiAutomator2][39m calling get location: d6888fa0-3cb2-423f-8722-3a99a365ce3b
[35m[HTTP][39m [37m<-- POST /wd/hub/session/0be84783-ce0b-4bca-9cec-61ba052e9663/touch/perform [39m[32m200[39m [90m269 ms - 14[39m
[35m[HTTP][39m [90m[39m
[35m[HTTP][39m [37m-->[39m [37mGET[39m [37m/wd/hub/session/0be84783-ce0b-4bca-9cec-61ba052e9663/source[39m
[35m[HTTP][39m [90m{}[39m
[35m[W3C (0be84783)][39m Driver proxy active, passing request on via HTTP proxy
[35m[WD Proxy][39m Replacing sessionId 4b3bfbf7-5775-414d-bcd0-56cba5eec8b7 with 0be84783-ce0b-4bca-9cec-61ba052e9663
[35m[HTTP][39m [37m<-- GET /wd/hub/session/0be84783-ce0b-4bca-9cec-61ba052e9663/source [39m[32m200[39m [90m348 ms - 60154[39m
[35m[HTTP][39m [90m[39m
[35m[HTTP][39m [37m-->[39m [37mGET[39m [37m/wd/hub/session/0be84783-ce0b-4bca-9cec-61ba052e9663/screenshot[39m
[35m[HTTP][39m [90m{}[39m
[35m[HTTP][39m [37m<-- GET /wd/hub/session/0be84783-ce0b-4bca-9cec-61ba052e9663/screenshot [39m[32m200[39m [90m602 ms - 153218[39m
[35m[HTTP][39m [90m[39m
[35m[HTTP][39m [37m-->[39m [37mPOST[39m [37m/wd/hub/session/0be84783-ce0b-4bca-9cec-61ba052e9663/elements[39m
[35m[HTTP][39m [90m{"using":"xpath","value":"//*[@class = 'android.widget.ImageButton' and (@text = '' or . = '')]"}[39m
[35m[HTTP][39m [37m<-- POST /wd/hub/session/0be84783-ce0b-4bca-9cec-61ba052e9663/elements [39m[32m200[39m [90m227 ms - 395[39m
[35m[HTTP][39m [90m[39m
[35m[HTTP][39m [37m-->[39m [37mPOST[39m [37m/wd/hub/session/0be84783-ce0b-4bca-9cec-61ba052e9663/elements[39m
[35m[HTTP][39m [90m{"using":"accessibility id","value":"Side menu opened."}[39m
[35m[HTTP][39m [37m<-- POST /wd/hub/session/0be84783-ce0b-4bca-9cec-61ba052e9663/elements [39m[32m200[39m [90m718 ms - 139[39m
[35m[HTTP][39m [90m[39m
[35m[HTTP][39m [37m-->[39m [37mGET[39m [37m/wd/hub/session/0be84783-ce0b-4bca-9cec-61ba052e9663/window/rect[39m
[35m[HTTP][39m [90m{}[39m
[35m[HTTP][39m [37m<-- GET /wd/hub/session/0be84783-ce0b-4bca-9cec-61ba052e9663/window/rect [39m[32m200[39m [90m38 ms - 50[39m
[35m[HTTP][39m [90m[39m
[35m[HTTP][39m [37m-->[39m [37mPOST[39m [37m/wd/hub/session/0be84783-ce0b-4bca-9cec-61ba052e9663/elements[39m
[35m[HTTP][39m [90m{"using":"accessibility id","value":"Side menu opened."}[39m
[35m[HTTP][39m [37m<-- POST /wd/hub/session/0be84783-ce0b-4bca-9cec-61ba052e9663/elements [39m[32m200[39m [90m101 ms - 139[39m
[35m[HTTP][39m [90m[39m
[35m[HTTP][39m [37m-->[39m [37mGET[39m [37m/wd/hub/session/0be84783-ce0b-4bca-9cec-61ba052e9663/element/77fa632a-7a4c-466f-9867-0b7bb2bb9026/location[39m
[35m[HTTP][39m [90m{}[39m
[35m[W3C (0be84783)][39m Driver proxy active, passing request on via HTTP proxy
[35m[WD Proxy][39m Replacing sessionId 4b3bfbf7-5775-414d-bcd0-56cba5eec8b7 with 0be84783-ce0b-4bca-9cec-61ba052e9663
[35m[HTTP][39m [37m<-- GET /wd/hub/session/0be84783-ce0b-4bca-9cec-61ba052e9663/element/77fa632a-7a4c-466f-9867-0b7bb2bb9026/location [39m[32m200[39m [90m44 ms - 75[39m
[35m[HTTP][39m [90m[39m
[35m[HTTP][39m [37m-->[39m [37mPOST[39m [37m/wd/hub/session/0be84783-ce0b-4bca-9cec-61ba052e9663/touch/perform[39m
[35m[HTTP][39m [90m{"actions":[{"action":"tap","options":{"x":1,"y":1,"element":"77fa632a-7a4c-466f-9867-0b7bb2bb9026"}}]}[39m
[35m[UiAutomator2][39m calling get location: 77fa632a-7a4c-466f-9867-0b7bb2bb9026
[35m[HTTP][39m [37m<-- POST /wd/hub/session/0be84783-ce0b-4bca-9cec-61ba052e9663/touch/perform [39m[32m200[39m [90m231 ms - 14[39m
[35m[HTTP][39m [90m[39m
[35m[HTTP][39m [37m-->[39m [37mGET[39m [37m/wd/hub/session/0be84783-ce0b-4bca-9cec-61ba052e9663/source[39m
[35m[HTTP][39m [90m{}[39m
[35m[W3C (0be84783)][39m Driver proxy active, passing request on via HTTP proxy
[35m[WD Proxy][39m Replacing sessionId 4b3bfbf7-5775-414d-bcd0-56cba5eec8b7 with 0be84783-ce0b-4bca-9cec-61ba052e9663
[35m[HTTP][39m [37m<-- GET /wd/hub/session/0be84783-ce0b-4bca-9cec-61ba052e9663/source [39m[32m200[39m [90m516 ms - 49950[39m
[35m[HTTP][39m [90m[39m
[35m[HTTP][39m [37m-->[39m [37mGET[39m [37m/wd/hub/session/0be84783-ce0b-4bca-9cec-61ba052e9663/screenshot[39m
[35m[HTTP][39m [90m{}[39m
[35m[HTTP][39m [37m<-- GET /wd/hub/session/0be84783-ce0b-4bca-9cec-61ba052e9663/screenshot [39m[32m200[39m [90m606 ms - 201006[39m
[35m[HTTP][39m [90m[39m
[35m[HTTP][39m [37m-->[39m [37mPOST[39m [37m/wd/hub/session/0be84783-ce0b-4bca-9cec-61ba052e9663/elements[39m
[35m[HTTP][39m [90m{"using":"xpath","value":"//*[@class = 'android.widget.CheckedTextView' and (@text = '- June 2021' or . = '- June 2021') and @resource-id = 'com.indraazimi.pengeluaran:id/design_menu_item_text']"}[39m
[35m[HTTP][39m [37m<-- POST /wd/hub/session/0be84783-ce0b-4bca-9cec-61ba052e9663/elements [39m[32m200[39m [90m515 ms - 139[39m
[35m[HTTP][39m [90m[39m
[35m[HTTP][39m [37m-->[39m [37mGET[39m [37m/wd/hub/session/0be84783-ce0b-4bca-9cec-61ba052e9663/window/rect[39m
[35m[HTTP][39m [90m{}[39m
[35m[HTTP][39m [37m<-- GET /wd/hub/session/0be84783-ce0b-4bca-9cec-61ba052e9663/window/rect [39m[32m200[39m [90m27 ms - 50[39m
[35m[HTTP][39m [90m[39m
[35m[HTTP][39m [37m-->[39m [37mPOST[39m [37m/wd/hub/session/0be84783-ce0b-4bca-9cec-61ba052e9663/elements[39m
[35m[HTTP][39m [90m{"using":"xpath","value":"//*[@class = 'android.widget.CheckedTextView' and (@text = '- June 2021' or . = '- June 2021') and @resource-id = 'com.indraazimi.pengeluaran:id/design_menu_item_text']"}[39m
[35m[HTTP][39m [37m<-- POST /wd/hub/session/0be84783-ce0b-4bca-9cec-61ba052e9663/elements [39m[32m200[39m [90m159 ms - 139[39m
[35m[HTTP][39m [90m[39m
[35m[HTTP][39m [37m-->[39m [37mGET[39m [37m/wd/hub/session/0be84783-ce0b-4bca-9cec-61ba052e9663/element/dceb9a0b-dbc3-4fc8-b018-2b2de511b2a7/location[39m
[35m[HTTP][39m [90m{}[39m
[35m[W3C (0be84783)][39m Driver proxy active, passing request on via HTTP proxy
[35m[WD Proxy][39m Replacing sessionId 4b3bfbf7-5775-414d-bcd0-56cba5eec8b7 with 0be84783-ce0b-4bca-9cec-61ba052e9663
[35m[HTTP][39m [37m<-- GET /wd/hub/session/0be84783-ce0b-4bca-9cec-61ba052e9663/element/dceb9a0b-dbc3-4fc8-b018-2b2de511b2a7/location [39m[32m200[39m [90m31 ms - 77[39m
[35m[HTTP][39m [90m[39m
[35m[HTTP][39m [37m-->[39m [37mPOST[39m [37m/wd/hub/session/0be84783-ce0b-4bca-9cec-61ba052e9663/touch/perform[39m
[35m[HTTP][39m [90m{"actions":[{"action":"tap","options":{"x":1,"y":1,"element":"dceb9a0b-dbc3-4fc8-b018-2b2de511b2a7"}}]}[39m
[35m[UiAutomator2][39m calling get location: dceb9a0b-dbc3-4fc8-b018-2b2de511b2a7
[35m[HTTP][39m [37m<-- POST /wd/hub/session/0be84783-ce0b-4bca-9cec-61ba052e9663/touch/perform [39m[32m200[39m [90m223 ms - 14[39m
[35m[HTTP][39m [90m[39m
[35m[HTTP][39m [37m-->[39m [37mGET[39m [37m/wd/hub/session/0be84783-ce0b-4bca-9cec-61ba052e9663/source[39m
[35m[HTTP][39m [90m{}[39m
[35m[W3C (0be84783)][39m Driver proxy active, passing request on via HTTP proxy
[35m[WD Proxy][39m Replacing sessionId 4b3bfbf7-5775-414d-bcd0-56cba5eec8b7 with 0be84783-ce0b-4bca-9cec-61ba052e9663
[35m[HTTP][39m [37m<-- GET /wd/hub/session/0be84783-ce0b-4bca-9cec-61ba052e9663/source [39m[32m200[39m [90m464 ms - 38305[39m
[35m[HTTP][39m [90m[39m
[35m[HTTP][39m [37m-->[39m [37mGET[39m [37m/wd/hub/session/0be84783-ce0b-4bca-9cec-61ba052e9663/screenshot[39m
[35m[HTTP][39m [90m{}[39m
[35m[HTTP][39m [37m<-- GET /wd/hub/session/0be84783-ce0b-4bca-9cec-61ba052e9663/screenshot [39m[32m200[39m [90m716 ms - 417030[39m
[35m[HTTP][39m [90m[39m
[35m[HTTP][39m [37m-->[39m [37mPOST[39m [37m/wd/hub/session/0be84783-ce0b-4bca-9cec-61ba052e9663/elements[39m
[35m[HTTP][39m [90m{"using":"xpath","value":"//*[@class = 'android.widget.ImageButton' and @resource-id = 'com.indraazimi.pengeluaran:id/fab' and (@text = '' or . = '')]"}[39m
[35m[HTTP][39m [37m<-- POST /wd/hub/session/0be84783-ce0b-4bca-9cec-61ba052e9663/elements [39m[32m200[39m [90m154 ms - 139[39m
[35m[HTTP][39m [90m[39m
[35m[HTTP][39m [37m-->[39m [37mGET[39m [37m/wd/hub/session/0be84783-ce0b-4bca-9cec-61ba052e9663/window/rect[39m
[35m[HTTP][39m [90m{}[39m
[35m[HTTP][39m [37m<-- GET /wd/hub/session/0be84783-ce0b-4bca-9cec-61ba052e9663/window/rect [39m[32m200[39m [90m32 ms - 50[39m
[35m[HTTP][39m [90m[39m
[35m[HTTP][39m [37m-->[39m [37mPOST[39m [37m/wd/hub/session/0be84783-ce0b-4bca-9cec-61ba052e9663/elements[39m
[35m[HTTP][39m [90m{"using":"xpath","value":"//*[@class = 'android.widget.ImageButton' and @resource-id = 'com.indraazimi.pengeluaran:id/fab' and (@text = '' or . = '')]"}[39m
[35m[HTTP][39m [37m<-- POST /wd/hub/session/0be84783-ce0b-4bca-9cec-61ba052e9663/elements [39m[32m200[39m [90m136 ms - 139[39m
[35m[HTTP][39m [90m[39m
[35m[HTTP][39m [37m-->[39m [37mGET[39m [37m/wd/hub/session/0be84783-ce0b-4bca-9cec-61ba052e9663/element/dd883e1a-3070-4f1e-98f8-552380b2e909/location[39m
[35m[HTTP][39m [90m{}[39m
[35m[W3C (0be84783)][39m Driver proxy active, passing request on via HTTP proxy
[35m[WD Proxy][39m Replacing sessionId 4b3bfbf7-5775-414d-bcd0-56cba5eec8b7 with 0be84783-ce0b-4bca-9cec-61ba052e9663
[35m[HTTP][39m [37m<-- GET /wd/hub/session/0be84783-ce0b-4bca-9cec-61ba052e9663/element/dd883e1a-3070-4f1e-98f8-552380b2e909/location [39m[32m200[39m [90m38 ms - 79[39m
[35m[HTTP][39m [90m[39m
[35m[HTTP][39m [37m-->[39m [37mPOST[39m [37m/wd/hub/session/0be84783-ce0b-4bca-9cec-61ba052e9663/touch/perform[39m
[35m[HTTP][39m [90m{"actions":[{"action":"tap","options":{"x":1,"y":1,"element":"dd883e1a-3070-4f1e-98f8-552380b2e909"}}]}[39m
[35m[UiAutomator2][39m calling get location: dd883e1a-3070-4f1e-98f8-552380b2e909
[35m[HTTP][39m [37m<-- POST /wd/hub/session/0be84783-ce0b-4bca-9cec-61ba052e9663/touch/perform [39m[32m200[39m [90m229 ms - 14[39m
[35m[HTTP][39m [90m[39m
[35m[HTTP][39m [37m-->[39m [37mGET[39m [37m/wd/hub/session/0be84783-ce0b-4bca-9cec-61ba052e9663/source[39m
[35m[HTTP][39m [90m{}[39m
[35m[W3C (0be84783)][39m Driver proxy active, passing request on via HTTP proxy
[35m[WD Proxy][39m Replacing sessionId 4b3bfbf7-5775-414d-bcd0-56cba5eec8b7 with 0be84783-ce0b-4bca-9cec-61ba052e9663
[35m[HTTP][39m [37m<-- GET /wd/hub/session/0be84783-ce0b-4bca-9cec-61ba052e9663/source [39m[32m200[39m [90m101 ms - 9960[39m
[35m[HTTP][39m [90m[39m
[35m[HTTP][39m [37m-->[39m [37mGET[39m [37m/wd/hub/session/0be84783-ce0b-4bca-9cec-61ba052e9663/screenshot[39m
[35m[HTTP][39m [90m{}[39m
[35m[HTTP][39m [37m<-- GET /wd/hub/session/0be84783-ce0b-4bca-9cec-61ba052e9663/screenshot [39m[32m200[39m [90m741 ms - 369742[39m
[35m[HTTP][39m [90m[39m
[35m[HTTP][39m [37m-->[39m [37mPOST[39m [37m/wd/hub/session/0be84783-ce0b-4bca-9cec-61ba052e9663/elements[39m
[35m[HTTP][39m [90m{"using":"xpath","value":"//*[@class = 'android.widget.ToggleButton' and (@text = 'EXPENSE' or . = 'EXPENSE') and @resource-id = 'com.indraazimi.pengeluaran:id/status']"}[39m
[35m[HTTP][39m [37m<-- POST /wd/hub/session/0be84783-ce0b-4bca-9cec-61ba052e9663/elements [39m[32m200[39m [90m75 ms - 139[39m
[35m[HTTP][39m [90m[39m
[35m[HTTP][39m [37m-->[39m [37mGET[39m [37m/wd/hub/session/0be84783-ce0b-4bca-9cec-61ba052e9663/window/rect[39m
[35m[HTTP][39m [90m{}[39m
[35m[HTTP][39m [37m<-- GET /wd/hub/session/0be84783-ce0b-4bca-9cec-61ba052e9663/window/rect [39m[32m200[39m [90m22 ms - 50[39m
[35m[HTTP][39m [90m[39m
[35m[HTTP][39m [37m-->[39m [37mPOST[39m [37m/wd/hub/session/0be84783-ce0b-4bca-9cec-61ba052e9663/elements[39m
[35m[HTTP][39m [90m{"using":"xpath","value":"//*[@class = 'android.widget.ToggleButton' and (@text = 'EXPENSE' or . = 'EXPENSE') and @resource-id = 'com.indraazimi.pengeluaran:id/status']"}[39m
[35m[HTTP][39m [37m<-- POST /wd/hub/session/0be84783-ce0b-4bca-9cec-61ba052e9663/elements [39m[32m200[39m [90m70 ms - 139[39m
[35m[HTTP][39m [90m[39m
[35m[HTTP][39m [37m-->[39m [37mGET[39m [37m/wd/hub/session/0be84783-ce0b-4bca-9cec-61ba052e9663/element/91703f36-b083-4fba-a4b0-aa828d3a3406/location[39m
[35m[HTTP][39m [90m{}[39m
[35m[W3C (0be84783)][39m Driver proxy active, passing request on via HTTP proxy
[35m[WD Proxy][39m Replacing sessionId 4b3bfbf7-5775-414d-bcd0-56cba5eec8b7 with 0be84783-ce0b-4bca-9cec-61ba052e9663
[35m[HTTP][39m [37m<-- GET /wd/hub/session/0be84783-ce0b-4bca-9cec-61ba052e9663/element/91703f36-b083-4fba-a4b0-aa828d3a3406/location [39m[32m200[39m [90m508 ms - 78[39m
[35m[HTTP][39m [90m[39m
[35m[HTTP][39m [37m-->[39m [37mPOST[39m [37m/wd/hub/session/0be84783-ce0b-4bca-9cec-61ba052e9663/touch/perform[39m
[35m[HTTP][39m [90m{"actions":[{"action":"tap","options":{"x":1,"y":1,"element":"91703f36-b083-4fba-a4b0-aa828d3a3406"}}]}[39m
[35m[UiAutomator2][39m calling get location: 91703f36-b083-4fba-a4b0-aa828d3a3406
[35m[HTTP][39m [37m<-- POST /wd/hub/session/0be84783-ce0b-4bca-9cec-61ba052e9663/touch/perform [39m[32m200[39m [90m277 ms - 14[39m
[35m[HTTP][39m [90m[39m
[35m[HTTP][39m [37m-->[39m [37mGET[39m [37m/wd/hub/session/0be84783-ce0b-4bca-9cec-61ba052e9663/source[39m
[35m[HTTP][39m [90m{}[39m
[35m[W3C (0be84783)][39m Driver proxy active, passing request on via HTTP proxy
[35m[WD Proxy][39m Replacing sessionId 4b3bfbf7-5775-414d-bcd0-56cba5eec8b7 with 0be84783-ce0b-4bca-9cec-61ba052e9663
[35m[HTTP][39m [37m<-- GET /wd/hub/session/0be84783-ce0b-4bca-9cec-61ba052e9663/source [39m[32m200[39m [90m114 ms - 9960[39m
[35m[HTTP][39m [90m[39m
[35m[HTTP][39m [37m-->[39m [37mGET[39m [37m/wd/hub/session/0be84783-ce0b-4bca-9cec-61ba052e9663/screenshot[39m
[35m[HTTP][39m [90m{}[39m
[35m[HTTP][39m [37m<-- GET /wd/hub/session/0be84783-ce0b-4bca-9cec-61ba052e9663/screenshot [39m[32m200[39m [90m1325 ms - 370102[39m
[35m[HTTP][39m [90m[39m
[35m[HTTP][39m [37m-->[39m [37mPOST[39m [37m/wd/hub/session/0be84783-ce0b-4bca-9cec-61ba052e9663/elements[39m
[35m[HTTP][39m [90m{"using":"xpath","value":"//*[@class = 'android.widget.EditText' and (@text = 'Description' or . = 'Description') and @resource-id = 'com.indraazimi.pengeluaran:id/txtKet']"}[39m
[35m[HTTP][39m [37m<-- POST /wd/hub/session/0be84783-ce0b-4bca-9cec-61ba052e9663/elements [39m[32m200[39m [90m563 ms - 139[39m
[35m[HTTP][39m [90m[39m
[35m[HTTP][39m [37m-->[39m [37mGET[39m [37m/wd/hub/session/0be84783-ce0b-4bca-9cec-61ba052e9663/window/rect[39m
[35m[HTTP][39m [90m{}[39m
[35m[HTTP][39m [37m<-- GET /wd/hub/session/0be84783-ce0b-4bca-9cec-61ba052e9663/window/rect [39m[32m200[39m [90m29 ms - 50[39m
[35m[HTTP][39m [90m[39m
[35m[HTTP][39m [37m-->[39m [37mPOST[39m [37m/wd/hub/session/0be84783-ce0b-4bca-9cec-61ba052e9663/elements[39m
[35m[HTTP][39m [90m{"using":"xpath","value":"//*[@class = 'android.widget.EditText' and (@text = 'Description' or . = 'Description') and @resource-id = 'com.indraazimi.pengeluaran:id/txtKet']"}[39m
[35m[HTTP][39m [37m<-- POST /wd/hub/session/0be84783-ce0b-4bca-9cec-61ba052e9663/elements [39m[32m200[39m [90m83 ms - 139[39m
[35m[HTTP][39m [90m[39m
[35m[HTTP][39m [37m-->[39m [37mGET[39m [37m/wd/hub/session/0be84783-ce0b-4bca-9cec-61ba052e9663/element/faad4007-d05a-46f5-971f-8ab773d4f2af/location[39m
[35m[HTTP][39m [90m{}[39m
[35m[W3C (0be84783)][39m Driver proxy active, passing request on via HTTP proxy
[35m[WD Proxy][39m Replacing sessionId 4b3bfbf7-5775-414d-bcd0-56cba5eec8b7 with 0be84783-ce0b-4bca-9cec-61ba052e9663
[35m[HTTP][39m [37m<-- GET /wd/hub/session/0be84783-ce0b-4bca-9cec-61ba052e9663/element/faad4007-d05a-46f5-971f-8ab773d4f2af/location [39m[32m200[39m [90m32 ms - 79[39m
[35m[HTTP][39m [90m[39m
[35m[HTTP][39m [37m-->[39m [37mPOST[39m [37m/wd/hub/session/0be84783-ce0b-4bca-9cec-61ba052e9663/element/faad4007-d05a-46f5-971f-8ab773d4f2af/clear[39m
[35m[HTTP][39m [90m{"id":"faad4007-d05a-46f5-971f-8ab773d4f2af"}[39m
[35m[HTTP][39m [37m<-- POST /wd/hub/session/0be84783-ce0b-4bca-9cec-61ba052e9663/element/faad4007-d05a-46f5-971f-8ab773d4f2af/clear [39m[32m200[39m [90m44 ms - 14[39m
[35m[HTTP][39m [90m[39m
[35m[HTTP][39m [37m-->[39m [37mPOST[39m [37m/wd/hub/session/0be84783-ce0b-4bca-9cec-61ba052e9663/element/faad4007-d05a-46f5-971f-8ab773d4f2af/value[39m
[35m[HTTP][39m [90m{"id":"faad4007-d05a-46f5-971f-8ab773d4f2af","text":"Gajian","value":["G","a","j","i","a","n"]}[39m
[35m[HTTP][39m [37m<-- POST /wd/hub/session/0be84783-ce0b-4bca-9cec-61ba052e9663/element/faad4007-d05a-46f5-971f-8ab773d4f2af/value [39m[32m200[39m [90m540 ms - 14[39m
[35m[HTTP][39m [90m[39m
[35m[HTTP][39m [37m-->[39m [37mGET[39m [37m/wd/hub/session/0be84783-ce0b-4bca-9cec-61ba052e9663/source[39m
[35m[HTTP][39m [90m{}[39m
[35m[W3C (0be84783)][39m Driver proxy active, passing request on via HTTP proxy
[35m[WD Proxy][39m Replacing sessionId 4b3bfbf7-5775-414d-bcd0-56cba5eec8b7 with 0be84783-ce0b-4bca-9cec-61ba052e9663
[35m[HTTP][39m [37m<-- GET /wd/hub/session/0be84783-ce0b-4bca-9cec-61ba052e9663/source [39m[32m200[39m [90m107 ms - 9955[39m
[35m[HTTP][39m [90m[39m
[35m[HTTP][39m [37m-->[39m [37mGET[39m [37m/wd/hub/session/0be84783-ce0b-4bca-9cec-61ba052e9663/screenshot[39m
[35m[HTTP][39m [90m{}[39m
[35m[HTTP][39m [37m<-- GET /wd/hub/session/0be84783-ce0b-4bca-9cec-61ba052e9663/screenshot [39m[32m200[39m [90m618 ms - 182792[39m
[35m[HTTP][39m [90m[39m
[35m[HTTP][39m [37m-->[39m [37mPOST[39m [37m/wd/hub/session/0be84783-ce0b-4bca-9cec-61ba052e9663/elements[39m
[35m[HTTP][39m [90m{"using":"xpath","value":"//*[@class = 'android.widget.EditText' and (@text = 'Price' or . = 'Price') and @resource-id = 'com.indraazimi.pengeluaran:id/txtHarga']"}[39m
[35m[HTTP][39m [37m<-- POST /wd/hub/session/0be84783-ce0b-4bca-9cec-61ba052e9663/elements [39m[32m200[39m [90m69 ms - 139[39m
[35m[HTTP][39m [90m[39m
[35m[HTTP][39m [37m-->[39m [37mGET[39m [37m/wd/hub/session/0be84783-ce0b-4bca-9cec-61ba052e9663/window/rect[39m
[35m[HTTP][39m [90m{}[39m
[35m[HTTP][39m [37m<-- GET /wd/hub/session/0be84783-ce0b-4bca-9cec-61ba052e9663/window/rect [39m[32m200[39m [90m33 ms - 50[39m
[35m[HTTP][39m [90m[39m
[35m[HTTP][39m [37m-->[39m [37mPOST[39m [37m/wd/hub/session/0be84783-ce0b-4bca-9cec-61ba052e9663/elements[39m
[35m[HTTP][39m [90m{"using":"xpath","value":"//*[@class = 'android.widget.EditText' and (@text = 'Price' or . = 'Price') and @resource-id = 'com.indraazimi.pengeluaran:id/txtHarga']"}[39m
[35m[HTTP][39m [37m<-- POST /wd/hub/session/0be84783-ce0b-4bca-9cec-61ba052e9663/elements [39m[32m200[39m [90m83 ms - 139[39m
[35m[HTTP][39m [90m[39m
[35m[HTTP][39m [37m-->[39m [37mGET[39m [37m/wd/hub/session/0be84783-ce0b-4bca-9cec-61ba052e9663/element/16cd40a8-3bb5-4e27-bc9a-3fc487938853/location[39m
[35m[HTTP][39m [90m{}[39m
[35m[W3C (0be84783)][39m Driver proxy active, passing request on via HTTP proxy
[35m[WD Proxy][39m Replacing sessionId 4b3bfbf7-5775-414d-bcd0-56cba5eec8b7 with 0be84783-ce0b-4bca-9cec-61ba052e9663
[35m[HTTP][39m [37m<-- GET /wd/hub/session/0be84783-ce0b-4bca-9cec-61ba052e9663/element/16cd40a8-3bb5-4e27-bc9a-3fc487938853/location [39m[32m200[39m [90m35 ms - 79[39m
[35m[HTTP][39m [90m[39m
[35m[HTTP][39m [37m-->[39m [37mPOST[39m [37m/wd/hub/session/0be84783-ce0b-4bca-9cec-61ba052e9663/element/16cd40a8-3bb5-4e27-bc9a-3fc487938853/clear[39m
[35m[HTTP][39m [90m{"id":"16cd40a8-3bb5-4e27-bc9a-3fc487938853"}[39m
[35m[HTTP][39m [37m<-- POST /wd/hub/session/0be84783-ce0b-4bca-9cec-61ba052e9663/element/16cd40a8-3bb5-4e27-bc9a-3fc487938853/clear [39m[32m200[39m [90m46 ms - 14[39m
[35m[HTTP][39m [90m[39m
[35m[HTTP][39m [37m-->[39m [37mPOST[39m [37m/wd/hub/session/0be84783-ce0b-4bca-9cec-61ba052e9663/element/16cd40a8-3bb5-4e27-bc9a-3fc487938853/value[39m
[35m[HTTP][39m [90m{"id":"16cd40a8-3bb5-4e27-bc9a-3fc487938853","text":"400000","value":["4","0","0","0","0","0"]}[39m
[35m[HTTP][39m [37m<-- POST /wd/hub/session/0be84783-ce0b-4bca-9cec-61ba052e9663/element/16cd40a8-3bb5-4e27-bc9a-3fc487938853/value [39m[32m200[39m [90m1050 ms - 14[39m
[35m[HTTP][39m [90m[39m
[35m[HTTP][39m [37m-->[39m [37mGET[39m [37m/wd/hub/session/0be84783-ce0b-4bca-9cec-61ba052e9663/source[39m
[35m[HTTP][39m [90m{}[39m
[35m[W3C (0be84783)][39m Driver proxy active, passing request on via HTTP proxy
[35m[WD Proxy][39m Replacing sessionId 4b3bfbf7-5775-414d-bcd0-56cba5eec8b7 with 0be84783-ce0b-4bca-9cec-61ba052e9663
[35m[HTTP][39m [37m<-- GET /wd/hub/session/0be84783-ce0b-4bca-9cec-61ba052e9663/source [39m[32m200[39m [90m202 ms - 9957[39m
[35m[HTTP][39m [90m[39m
[35m[HTTP][39m [37m-->[39m [37mGET[39m [37m/wd/hub/session/0be84783-ce0b-4bca-9cec-61ba052e9663/screenshot[39m
[35m[HTTP][39m [90m{}[39m
[35m[HTTP][39m [37m<-- GET /wd/hub/session/0be84783-ce0b-4bca-9cec-61ba052e9663/screenshot [39m[32m200[39m [90m607 ms - 181524[39m
[35m[HTTP][39m [90m[39m
[35m[HTTP][39m [37m-->[39m [37mPOST[39m [37m/wd/hub/session/0be84783-ce0b-4bca-9cec-61ba052e9663/elements[39m
[35m[HTTP][39m [90m{"using":"xpath","value":"//*[@class = 'android.widget.Button' and (@text = 'SAVE' or . = 'SAVE') and @resource-id = 'android:id/button1']"}[39m
[35m[HTTP][39m [37m<-- POST /wd/hub/session/0be84783-ce0b-4bca-9cec-61ba052e9663/elements [39m[32m200[39m [90m158 ms - 139[39m
[35m[HTTP][39m [90m[39m
[35m[HTTP][39m [37m-->[39m [37mGET[39m [37m/wd/hub/session/0be84783-ce0b-4bca-9cec-61ba052e9663/window/rect[39m
[35m[HTTP][39m [90m{}[39m
[35m[HTTP][39m [37m<-- GET /wd/hub/session/0be84783-ce0b-4bca-9cec-61ba052e9663/window/rect [39m[32m200[39m [90m28 ms - 50[39m
[35m[HTTP][39m [90m[39m
[35m[HTTP][39m [37m-->[39m [37mPOST[39m [37m/wd/hub/session/0be84783-ce0b-4bca-9cec-61ba052e9663/elements[39m
[35m[HTTP][39m [90m{"using":"xpath","value":"//*[@class = 'android.widget.Button' and (@text = 'SAVE' or . = 'SAVE') and @resource-id = 'android:id/button1']"}[39m
[35m[HTTP][39m [37m<-- POST /wd/hub/session/0be84783-ce0b-4bca-9cec-61ba052e9663/elements [39m[32m200[39m [90m74 ms - 139[39m
[35m[HTTP][39m [90m[39m
[35m[HTTP][39m [37m-->[39m [37mGET[39m [37m/wd/hub/session/0be84783-ce0b-4bca-9cec-61ba052e9663/element/f0b8140c-3d5e-404a-a7fa-7c10f992fd8a/location[39m
[35m[HTTP][39m [90m{}[39m
[35m[W3C (0be84783)][39m Driver proxy active, passing request on via HTTP proxy
[35m[WD Proxy][39m Replacing sessionId 4b3bfbf7-5775-414d-bcd0-56cba5eec8b7 with 0be84783-ce0b-4bca-9cec-61ba052e9663
[35m[HTTP][39m [37m<-- GET /wd/hub/session/0be84783-ce0b-4bca-9cec-61ba052e9663/element/f0b8140c-3d5e-404a-a7fa-7c10f992fd8a/location [39m[32m200[39m [90m31 ms - 79[39m
[35m[HTTP][39m [90m[39m
[35m[HTTP][39m [37m-->[39m [37mPOST[39m [37m/wd/hub/session/0be84783-ce0b-4bca-9cec-61ba052e9663/touch/perform[39m
[35m[HTTP][39m [90m{"actions":[{"action":"tap","options":{"x":1,"y":1,"element":"f0b8140c-3d5e-404a-a7fa-7c10f992fd8a"}}]}[39m
[35m[UiAutomator2][39m calling get location: f0b8140c-3d5e-404a-a7fa-7c10f992fd8a
[35m[HTTP][39m [37m<-- POST /wd/hub/session/0be84783-ce0b-4bca-9cec-61ba052e9663/touch/perform [39m[32m200[39m [90m1128 ms - 14[39m
[35m[HTTP][39m [90m[39m
[35m[HTTP][39m [37m-->[39m [37mGET[39m [37m/wd/hub/session/0be84783-ce0b-4bca-9cec-61ba052e9663/source[39m
[35m[HTTP][39m [90m{}[39m
[35m[W3C (0be84783)][39m Driver proxy active, passing request on via HTTP proxy
[35m[WD Proxy][39m Replacing sessionId 4b3bfbf7-5775-414d-bcd0-56cba5eec8b7 with 0be84783-ce0b-4bca-9cec-61ba052e9663
[35m[HTTP][39m [37m<-- GET /wd/hub/session/0be84783-ce0b-4bca-9cec-61ba052e9663/source [39m[32m200[39m [90m198 ms - 33406[39m
[35m[HTTP][39m [90m[39m
[35m[HTTP][39m [37m-->[39m [37mGET[39m [37m/wd/hub/session/0be84783-ce0b-4bca-9cec-61ba052e9663/screenshot[39m
[35m[HTTP][39m [90m{}[39m
[35m[HTTP][39m [37m<-- GET /wd/hub/session/0be84783-ce0b-4bca-9cec-61ba052e9663/screenshot [39m[32m200[39m [90m614 ms - 171018[39m
[35m[HTTP][39m [90m[39m
[35m[HTTP][39m [37m-->[39m [37mDELETE[39m [37m/wd/hub/session/0be84783-ce0b-4bca-9cec-61ba052e9663[39m
[35m[HTTP][39m [90m{}[39m
[35m[Appium][39m Removing session 0be84783-ce0b-4bca-9cec-61ba052e9663 from our master session list
[35m[UiAutomator2][39m Restoring hidden api policy to the device default configuration
[35m[HTTP][39m [37m<-- DELETE /wd/hub/session/0be84783-ce0b-4bca-9cec-61ba052e9663 [39m[32m200[39m [90m743 ms - 14[39m
[35m[HTTP][39m [90m[39m
